<?xml version="1.0" encoding="UTF-8"?>
<testsuite xmlns:xsi="http://www.w3.org/2001/XMLSchema-instance" xsi:schemaLocation="https://maven.apache.org/surefire/maven-surefire-plugin/xsd/surefire-test-report.xsd" name="edu.matc.persistence.RecipeDaoTest" time="0.131" tests="8" errors="0" skipped="0" failures="0">
  <properties>
[...]
</properties>
  <testcase name="deleteSuccess" classname="edu.matc.persistence.RecipeDaoTest" time="0.027"/>
  <testcase name="getByIdNotFound" classname="edu.matc.persistence.RecipeDaoTest" time="0.005"/>
  <testcase name="getByPropertyEqualEmpty" classname="edu.matc.persistence.RecipeDaoTest" time="0.007"/>
  <testcase name="getAllSuccess" classname="edu.matc.persistence.RecipeDaoTest" time="0.016"/>
  <testcase name="getByPropertyEqualSuccess" classname="edu.matc.persistence.RecipeDaoTest" time="0.01"/>
  <testcase name="insertWithNullOptionalFields" classname="edu.matc.persistence.RecipeDaoTest" time="0.02"/>
  <testcase name="updateSuccess" classname="edu.matc.persistence.RecipeDaoTest" time="0.02"/>
  <testcase name="insertSuccess" classname="edu.matc.persistence.RecipeDaoTest" time="0.022"/>
</testsuite>